#! /opt/homebrew/Cellar/icarus-verilog/11.0/bin/vvp
:ivl_version "11.0 (stable)";
:ivl_delay_selection "TYPICAL";
:vpi_time_precision - 12;
:vpi_module "/opt/homebrew/Cellar/icarus-verilog/11.0/lib/ivl/system.vpi";
:vpi_module "/opt/homebrew/Cellar/icarus-verilog/11.0/lib/ivl/vhdl_sys.vpi";
:vpi_module "/opt/homebrew/Cellar/icarus-verilog/11.0/lib/ivl/vhdl_textio.vpi";
:vpi_module "/opt/homebrew/Cellar/icarus-verilog/11.0/lib/ivl/v2005_math.vpi";
:vpi_module "/opt/homebrew/Cellar/icarus-verilog/11.0/lib/ivl/va_math.vpi";
S_0x12a60b720 .scope module, "tb_comp" "tb_comp" 2 3;
 .timescale -9 -12;
v0x12a624d30_0 .var "A", 7 0;
v0x12a624dc0_0 .var "B", 7 0;
v0x12a624e50_0 .net "C", 0 0, L_0x12a626300;  1 drivers
S_0x12a6080a0 .scope module, "comp1" "comparatar_8bit" 2 8, 3 3 0, S_0x12a60b720;
 .timescale -9 -12;
    .port_info 0 /INPUT 8 "A";
    .port_info 1 /INPUT 8 "B";
    .port_info 2 /OUTPUT 1 "C";
L_0x12a624ee0 .functor XNOR 8, v0x12a624d30_0, v0x12a624dc0_0, C4<00000000>, C4<00000000>;
L_0x12a625010 .functor AND 1, L_0x12a6250a0, L_0x12a6251c0, C4<1>, C4<1>;
L_0x12a6252a0 .functor AND 1, L_0x12a625350, L_0x12a6254b0, C4<1>, C4<1>;
L_0x12a625550 .functor AND 1, L_0x12a625640, L_0x12a625750, C4<1>, C4<1>;
L_0x12a625870 .functor AND 1, L_0x12a625910, L_0x12a625a30, C4<1>, C4<1>;
L_0x12a625b10 .functor AND 1, L_0x12a625b80, L_0x12a625cb0, C4<1>, C4<1>;
L_0x12a625dd0 .functor AND 1, L_0x12a625e80, L_0x12a6260c0, C4<1>, C4<1>;
L_0x12a626370 .functor AND 1, L_0x12a6263e0, L_0x12a626480, C4<1>, C4<1>;
L_0x12a626300 .functor NOT 1, L_0x12a626670, C4<0>, C4<0>, C4<0>;
v0x12a608210_0 .net "A", 7 0, v0x12a624d30_0;  1 drivers
v0x12a6239a0_0 .net "B", 7 0, v0x12a624dc0_0;  1 drivers
v0x12a623a50_0 .net "C", 0 0, L_0x12a626300;  alias, 1 drivers
v0x12a623b00_0 .net *"_ivl_0", 0 0, L_0x12a625010;  1 drivers
v0x12a623bb0_0 .net *"_ivl_11", 0 0, L_0x12a6254b0;  1 drivers
v0x12a623ca0_0 .net *"_ivl_12", 0 0, L_0x12a625550;  1 drivers
v0x12a623d50_0 .net *"_ivl_15", 0 0, L_0x12a625640;  1 drivers
v0x12a623e00_0 .net *"_ivl_17", 0 0, L_0x12a625750;  1 drivers
v0x12a623eb0_0 .net *"_ivl_18", 0 0, L_0x12a625870;  1 drivers
v0x12a623fc0_0 .net *"_ivl_21", 0 0, L_0x12a625910;  1 drivers
v0x12a624070_0 .net *"_ivl_23", 0 0, L_0x12a625a30;  1 drivers
v0x12a624120_0 .net *"_ivl_24", 0 0, L_0x12a625b10;  1 drivers
v0x12a6241d0_0 .net *"_ivl_27", 0 0, L_0x12a625b80;  1 drivers
v0x12a624280_0 .net *"_ivl_29", 0 0, L_0x12a625cb0;  1 drivers
v0x12a624330_0 .net *"_ivl_3", 0 0, L_0x12a6250a0;  1 drivers
v0x12a6243e0_0 .net *"_ivl_30", 0 0, L_0x12a625dd0;  1 drivers
v0x12a624490_0 .net *"_ivl_33", 0 0, L_0x12a625e80;  1 drivers
v0x12a624620_0 .net *"_ivl_35", 0 0, L_0x12a6260c0;  1 drivers
v0x12a6246b0_0 .net *"_ivl_36", 0 0, L_0x12a626370;  1 drivers
v0x12a624760_0 .net *"_ivl_40", 0 0, L_0x12a6263e0;  1 drivers
v0x12a624810_0 .net *"_ivl_42", 0 0, L_0x12a626480;  1 drivers
v0x12a6248c0_0 .net *"_ivl_44", 0 0, L_0x12a626670;  1 drivers
v0x12a624970_0 .net *"_ivl_5", 0 0, L_0x12a6251c0;  1 drivers
v0x12a624a20_0 .net *"_ivl_6", 0 0, L_0x12a6252a0;  1 drivers
v0x12a624ad0_0 .net *"_ivl_9", 0 0, L_0x12a625350;  1 drivers
v0x12a624b80_0 .net "check", 7 0, L_0x12a624ee0;  1 drivers
v0x12a624c30_0 .net "d", 6 0, L_0x12a626160;  1 drivers
L_0x12a6250a0 .part L_0x12a624ee0, 1, 1;
L_0x12a6251c0 .part L_0x12a624ee0, 0, 1;
L_0x12a625350 .part L_0x12a624ee0, 2, 1;
L_0x12a6254b0 .part L_0x12a626160, 0, 1;
L_0x12a625640 .part L_0x12a624ee0, 3, 1;
L_0x12a625750 .part L_0x12a626160, 1, 1;
L_0x12a625910 .part L_0x12a624ee0, 4, 1;
L_0x12a625a30 .part L_0x12a626160, 2, 1;
L_0x12a625b80 .part L_0x12a624ee0, 5, 1;
L_0x12a625cb0 .part L_0x12a626160, 3, 1;
L_0x12a625e80 .part L_0x12a624ee0, 6, 1;
L_0x12a6260c0 .part L_0x12a626160, 4, 1;
LS_0x12a626160_0_0 .concat8 [ 1 1 1 1], L_0x12a625010, L_0x12a6252a0, L_0x12a625550, L_0x12a625870;
LS_0x12a626160_0_4 .concat8 [ 1 1 1 0], L_0x12a625b10, L_0x12a625dd0, L_0x12a626370;
L_0x12a626160 .concat8 [ 4 3 0 0], LS_0x12a626160_0_0, LS_0x12a626160_0_4;
L_0x12a6263e0 .part L_0x12a624ee0, 7, 1;
L_0x12a626480 .part L_0x12a626160, 5, 1;
L_0x12a626670 .part L_0x12a626160, 6, 1;
    .scope S_0x12a60b720;
T_0 ;
    %vpi_call 2 11 "$dumpfile", "tb_comp.vcd" {0 0 0};
    %vpi_call 2 12 "$dumpvars", 32'sb00000000000000000000000000000000, S_0x12a60b720 {0 0 0};
    %vpi_call 2 13 "$monitor", "A=%b B=%b C=%b", v0x12a624d30_0, v0x12a624dc0_0, v0x12a624e50_0 {0 0 0};
    %pushi/vec4 63, 0, 8;
    %store/vec4 v0x12a624d30_0, 0, 8;
    %pushi/vec4 62, 0, 8;
    %store/vec4 v0x12a624dc0_0, 0, 8;
    %delay 10000, 0;
    %pushi/vec4 62, 0, 8;
    %store/vec4 v0x12a624d30_0, 0, 8;
    %pushi/vec4 46, 0, 8;
    %store/vec4 v0x12a624dc0_0, 0, 8;
    %delay 10000, 0;
    %vpi_call 2 20 "$finish" {0 0 0};
    %end;
    .thread T_0;
# The file index is used to find the file name in the following table.
:file_names 4;
    "N/A";
    "<interactive>";
    "tb_comp.v";
    "comparatar_8bit.v";
